<?xml version="1.0" encoding="UTF-8"?>
<!-- Generated by org.testng.reporters.JUnitXMLReporter -->
<testsuite hostname="LAPTOP-L8TRNUCI" ignored="3" name="Default test" tests="1" failures="0" timestamp="25 Nov 2021 11:05:04 GMT" time="8.351" errors="0">
  <testcase name="verifyMoreInfolink" time="0.886" classname="com.pages.DashboardPage"/>
  <testcase name="verifyAllLinks" time="0.0" classname="com.pages.DashboardPage">
    <ignored/>
  </testcase> <!-- verifyAllLinks -->
  <testcase name="verifyCoursesName" time="0.0" classname="com.pages.DashboardPage">
    <ignored/>
  </testcase> <!-- verifyCoursesName -->
  <testcase name="verifySideHeaderName" time="0.0" classname="com.pages.DashboardPage">
    <ignored/>
  </testcase> <!-- verifySideHeaderName -->
</testsuite> <!-- Default test -->
