<?xml version="1.0" encoding="UTF-8"?>
<!-- Generated by org.testng.reporters.JUnitXMLReporter -->
<testsuite hostname="LAPTOP-L8TRNUCI" ignored="0" name="Test" tests="4" failures="1" timestamp="31 Dec 2021 11:09:32 GMT" time="1.011" errors="0">
  <testcase name="logInLable" time="0.094" classname="com.tests.loginTest"/>
  <testcase name="logInLogo" time="0.094" classname="com.tests.loginTest"/>
  <testcase name="logInTitle" time="0.02" classname="com.tests.loginTest"/>
  <testcase name="verifyCurrentPageatitle" time="0.511" classname="com.tests.loginTest">
    <failure type="java.lang.AssertionError" message="expected [true] but found [false]">
      <![CDATA[java.lang.AssertionError: expected [true] but found [false]
at com.tests.loginTest.verifyCurrentPageatitle(loginTest.java:48)
... Removed 29 stack frames]]>
    </failure>
  </testcase> <!-- verifyCurrentPageatitle -->
</testsuite> <!-- Test -->
