<?xml version="1.0" encoding="UTF-8"?>
<testng-results skipped="0" failed="0" ignored="3" total="4" passed="1">
  <reporter-output>
  </reporter-output>
  <suite name="Default suite" duration-ms="8351" started-at="2021-11-25T11:04:56Z" finished-at="2021-11-25T11:05:04Z">
    <groups>
    </groups>
    <test name="Default test" duration-ms="8351" started-at="2021-11-25T11:04:56Z" finished-at="2021-11-25T11:05:04Z">
      <class name="com.pages.DashboardPage">
        <test-method status="PASS" signature="openDashboard()[pri:0, instance:com.pages.DashboardPage@3bfdc050]" name="openDashboard" is-config="true" duration-ms="7453" started-at="2021-11-25T11:04:56Z" finished-at="2021-11-25T11:05:03Z">
          <reporter-output>
          </reporter-output>
        </test-method> <!-- openDashboard -->
        <test-method status="PASS" signature="verifyMoreInfolink()[pri:0, instance:com.pages.DashboardPage@3bfdc050]" name="verifyMoreInfolink" duration-ms="886" started-at="2021-11-25T11:05:03Z" finished-at="2021-11-25T11:05:04Z">
          <reporter-output>
          </reporter-output>
        </test-method> <!-- verifyMoreInfolink -->
      </class> <!-- com.pages.DashboardPage -->
    </test> <!-- Default test -->
  </suite> <!-- Default suite -->
</testng-results>
